2025-04-04 06:48:35.808561 - Received CBT.V508.FILE255.PDS from FILE255.XMI 
2025-04-04 06:48:35.811918 - Found $$$#DATE.txt (text/plain) in CBT.V508.FILE255.PDS, moved to PDS/$$$#DATE
2025-04-04 06:48:35.812077 - Found $$$DOC.txt (text/plain) in CBT.V508.FILE255.PDS, moved to PDS/$$$DOC
2025-04-04 06:48:35.812223 - Found $CCFASMB.txt (text/plain) in CBT.V508.FILE255.PDS, moved to PDS/$CCFASMB
2025-04-04 06:48:35.812345 - Found $CCFASMC.txt (text/plain) in CBT.V508.FILE255.PDS, moved to PDS/$CCFASMC
2025-04-04 06:48:35.812464 - Found $CCFBATP.txt (text/plain) in CBT.V508.FILE255.PDS, moved to PDS/$CCFBATP
2025-04-04 06:48:35.812582 - Found $CCFBHP1.txt (text/plain) in CBT.V508.FILE255.PDS, moved to PDS/$CCFBHP1
2025-04-04 06:48:35.812709 - Found $CCFBHP2.txt (text/plain) in CBT.V508.FILE255.PDS, moved to PDS/$CCFBHP2
2025-04-04 06:48:35.812830 - Found $CCFBPAN.txt (text/plain) in CBT.V508.FILE255.PDS, moved to PDS/$CCFBPAN
2025-04-04 06:48:35.812951 - Found $CCFBPNL.txt (text/plain) in CBT.V508.FILE255.PDS, moved to PDS/$CCFBPNL
2025-04-04 06:48:35.813066 - Found $CCFBPN1.txt (text/plain) in CBT.V508.FILE255.PDS, moved to PDS/$CCFBPN1
2025-04-04 06:48:35.813188 - Found $CCFBPN2.txt (text/plain) in CBT.V508.FILE255.PDS, moved to PDS/$CCFBPN2
2025-04-04 06:48:35.813304 - Found $CCFCHP1.txt (text/plain) in CBT.V508.FILE255.PDS, moved to PDS/$CCFCHP1
2025-04-04 06:48:35.813419 - Found $CCFCHP2.txt (text/plain) in CBT.V508.FILE255.PDS, moved to PDS/$CCFCHP2
2025-04-04 06:48:35.813532 - Found $CCFCICP.txt (text/plain) in CBT.V508.FILE255.PDS, moved to PDS/$CCFCICP
2025-04-04 06:48:35.813649 - Found $CCFCPAN.txt (text/plain) in CBT.V508.FILE255.PDS, moved to PDS/$CCFCPAN
2025-04-04 06:48:35.813763 - Found $CCFCPNL.txt (text/plain) in CBT.V508.FILE255.PDS, moved to PDS/$CCFCPNL
2025-04-04 06:48:35.813873 - Found $CCFCPN1.txt (text/plain) in CBT.V508.FILE255.PDS, moved to PDS/$CCFCPN1
2025-04-04 06:48:35.813983 - Found $CCFCPN2.txt (text/plain) in CBT.V508.FILE255.PDS, moved to PDS/$CCFCPN2
2025-04-04 06:48:35.814111 - Found $CCFDHP1.txt (text/plain) in CBT.V508.FILE255.PDS, moved to PDS/$CCFDHP1
2025-04-04 06:48:35.814239 - Found $CCFDHP2.txt (text/plain) in CBT.V508.FILE255.PDS, moved to PDS/$CCFDHP2
2025-04-04 06:48:35.814351 - Found $CCFHASM.txt (text/plain) in CBT.V508.FILE255.PDS, moved to PDS/$CCFHASM
2025-04-04 06:48:35.814468 - Found $CCFQPNL.txt (text/plain) in CBT.V508.FILE255.PDS, moved to PDS/$CCFQPNL
2025-04-04 06:48:35.814598 - Found @DUMMY.txt (text/plain) in CBT.V508.FILE255.PDS, moved to PDS/@DUMMY
2025-04-04 06:48:35.814725 - Found @FILE255.txt (text/plain) in CBT.V508.FILE255.PDS, moved to PDS/@FILE255
2025-04-04 06:48:35.814843 - Found @PDFBART.txt (text/plain) in CBT.V508.FILE255.PDS, moved to PDS/@PDFBART
2025-04-04 06:48:35.814958 - Found @PDFBINF.txt (text/plain) in CBT.V508.FILE255.PDS, moved to PDS/@PDFBINF
2025-04-04 06:48:35.815120 - Found @PDFPLAT.txt (text/plain) in CBT.V508.FILE255.PDS, moved to PDS/@PDFPLAT
2025-04-04 06:48:35.815353 - Found @PDFPRCN.txt (text/plain) in CBT.V508.FILE255.PDS, moved to PDS/@PDFPRCN
2025-04-04 06:48:35.815513 - Found @PDFQART.txt (text/plain) in CBT.V508.FILE255.PDS, moved to PDS/@PDFQART
2025-04-04 06:48:35.815656 - Found @PDFSMPE.txt (text/plain) in CBT.V508.FILE255.PDS, moved to PDS/@PDFSMPE
2025-04-04 06:48:35.815778 - Found @PDFSOPR.txt (text/plain) in CBT.V508.FILE255.PDS, moved to PDS/@PDFSOPR
2025-04-04 06:48:35.815938 - Found @PDFSRTY.txt (text/plain) in CBT.V508.FILE255.PDS, moved to PDS/@PDFSRTY
2025-04-04 06:48:35.816073 - Found @PDFSSUP.txt (text/plain) in CBT.V508.FILE255.PDS, moved to PDS/@PDFSSUP
2025-04-04 06:48:35.816194 - Found @PDFTART.txt (text/plain) in CBT.V508.FILE255.PDS, moved to PDS/@PDFTART
2025-04-04 06:48:35.816314 - Found @PDFTECH.txt (text/plain) in CBT.V508.FILE255.PDS, moved to PDS/@PDFTECH
2025-04-04 06:48:35.816435 - Found @PDFVIS1.txt (text/plain) in CBT.V508.FILE255.PDS, moved to PDS/@PDFVIS1
2025-04-04 06:48:35.816558 - Found @PDFXART.txt (text/plain) in CBT.V508.FILE255.PDS, moved to PDS/@PDFXART
2025-04-04 06:48:35.816682 - Found @PDFXPDF.txt (text/plain) in CBT.V508.FILE255.PDS, moved to PDS/@PDFXPDF
2025-04-04 06:48:35.816799 - Found @PDFXPDX.txt (text/plain) in CBT.V508.FILE255.PDS, moved to PDS/@PDFXPDX
2025-04-04 06:48:35.816927 - Found API1PNL1.txt (text/plain) in CBT.V508.FILE255.PDS, moved to PDS/API1PNL1
2025-04-04 06:48:35.817037 - Found API1PNL2.txt (text/plain) in CBT.V508.FILE255.PDS, moved to PDS/API1PNL2
2025-04-04 06:48:35.817148 - Found CAIPDF02.txt (text/plain) in CBT.V508.FILE255.PDS, moved to PDS/CAIPDF02
2025-04-04 06:48:35.817257 - Found CCFBKPNL.txt (text/plain) in CBT.V508.FILE255.PDS, moved to PDS/CCFBKPNL
2025-04-04 06:48:35.817369 - Found CCFBKPNM.txt (text/plain) in CBT.V508.FILE255.PDS, moved to PDS/CCFBKPNM
2025-04-04 06:48:35.817491 - Found CCFQASMB.txt (text/plain) in CBT.V508.FILE255.PDS, moved to PDS/CCFQASMB
2025-04-04 06:48:35.817603 - Found CCFRARCP.txt (text/plain) in CBT.V508.FILE255.PDS, moved to PDS/CCFRARCP
2025-04-04 06:48:35.817713 - Found CCFRMEMP.txt (text/plain) in CBT.V508.FILE255.PDS, moved to PDS/CCFRMEMP
2025-04-04 06:48:35.817822 - Found COBCOMPB.txt (text/plain) in CBT.V508.FILE255.PDS, moved to PDS/COBCOMPB
2025-04-04 06:48:35.817939 - Found COBCOMPC.txt (text/plain) in CBT.V508.FILE255.PDS, moved to PDS/COBCOMPC
2025-04-04 06:48:35.818054 - Found DSSERVP.txt (text/plain) in CBT.V508.FILE255.PDS, moved to PDS/DSSERVP
2025-04-04 06:48:35.818163 - Found EDITPDSP.txt (text/plain) in CBT.V508.FILE255.PDS, moved to PDS/EDITPDSP
2025-04-04 06:48:35.818297 - Found HLDRVPNL.txt (text/plain) in CBT.V508.FILE255.PDS, moved to PDS/HLDRVPNL
2025-04-04 06:48:35.818412 - Found HPCCFQA.txt (text/plain) in CBT.V508.FILE255.PDS, moved to PDS/HPCCFQA
2025-04-04 06:48:35.818544 - Found HPCLOSE.txt (text/plain) in CBT.V508.FILE255.PDS, moved to PDS/HPCLOSE
2025-04-04 06:48:35.818660 - Found HPCOMPAR.txt (text/plain) in CBT.V508.FILE255.PDS, moved to PDS/HPCOMPAR
2025-04-04 06:48:35.818781 - Found HPLOGO01.txt (text/plain) in CBT.V508.FILE255.PDS, moved to PDS/HPLOGO01
2025-04-04 06:48:35.818889 - Found HPLOGO02.txt (text/plain) in CBT.V508.FILE255.PDS, moved to PDS/HPLOGO02
2025-04-04 06:48:35.819001 - Found HPLOGO03.txt (text/plain) in CBT.V508.FILE255.PDS, moved to PDS/HPLOGO03
2025-04-04 06:48:35.819109 - Found ISRFINDP.txt (text/plain) in CBT.V508.FILE255.PDS, moved to PDS/ISRFINDP
2025-04-04 06:48:35.819216 - Found KWSRVPNL.txt (text/plain) in CBT.V508.FILE255.PDS, moved to PDS/KWSRVPNL
2025-04-04 06:48:35.819322 - Found LBACKOUT.txt (text/plain) in CBT.V508.FILE255.PDS, moved to PDS/LBACKOUT
2025-04-04 06:48:35.819431 - Found LBCLOSE1.txt (text/plain) in CBT.V508.FILE255.PDS, moved to PDS/LBCLOSE1
2025-04-04 06:48:35.819541 - Found LBCLOSE2.txt (text/plain) in CBT.V508.FILE255.PDS, moved to PDS/LBCLOSE2
2025-04-04 06:48:35.819654 - Found LBCLOSE3.txt (text/plain) in CBT.V508.FILE255.PDS, moved to PDS/LBCLOSE3
2025-04-04 06:48:35.819781 - Found LBCOMPAR.txt (text/plain) in CBT.V508.FILE255.PDS, moved to PDS/LBCOMPAR
2025-04-04 06:48:35.819893 - Found LBHSTPN1.txt (text/plain) in CBT.V508.FILE255.PDS, moved to PDS/LBHSTPN1
2025-04-04 06:48:35.820016 - Found LBHSTPN2.txt (text/plain) in CBT.V508.FILE255.PDS, moved to PDS/LBHSTPN2
2025-04-04 06:48:35.820130 - Found LBLOHLP1.txt (text/plain) in CBT.V508.FILE255.PDS, moved to PDS/LBLOHLP1
2025-04-04 06:48:35.820242 - Found LBLOHLP2.txt (text/plain) in CBT.V508.FILE255.PDS, moved to PDS/LBLOHLP2
2025-04-04 06:48:35.820354 - Found LBLOHLP3.txt (text/plain) in CBT.V508.FILE255.PDS, moved to PDS/LBLOHLP3
2025-04-04 06:48:35.820478 - Found LBLOPNL1.txt (text/plain) in CBT.V508.FILE255.PDS, moved to PDS/LBLOPNL1
2025-04-04 06:48:35.820586 - Found LBLOPNL2.txt (text/plain) in CBT.V508.FILE255.PDS, moved to PDS/LBLOPNL2
2025-04-04 06:48:35.820695 - Found LBLOPNL3.txt (text/plain) in CBT.V508.FILE255.PDS, moved to PDS/LBLOPNL3
2025-04-04 06:48:35.820805 - Found LBSCANP1.txt (text/plain) in CBT.V508.FILE255.PDS, moved to PDS/LBSCANP1
2025-04-04 06:48:35.820925 - Found LBSCANP2.txt (text/plain) in CBT.V508.FILE255.PDS, moved to PDS/LBSCANP2
2025-04-04 06:48:35.821035 - Found LHISTORY.txt (text/plain) in CBT.V508.FILE255.PDS, moved to PDS/LHISTORY
2025-04-04 06:48:35.821145 - Found LIBRHPNL.txt (text/plain) in CBT.V508.FILE255.PDS, moved to PDS/LIBRHPNL
2025-04-04 06:48:35.821256 - Found LIBRPANL.txt (text/plain) in CBT.V508.FILE255.PDS, moved to PDS/LIBRPANL
2025-04-04 06:48:35.821378 - Found NEWREST.txt (text/plain) in CBT.V508.FILE255.PDS, moved to PDS/NEWREST
2025-04-04 06:48:35.821492 - Found NWREST.txt (text/plain) in CBT.V508.FILE255.PDS, moved to PDS/NWREST
2025-04-04 06:48:35.821604 - Found NWRSTHP1.txt (text/plain) in CBT.V508.FILE255.PDS, moved to PDS/NWRSTHP1
2025-04-04 06:48:35.821711 - Found NWRSTHP2.txt (text/plain) in CBT.V508.FILE255.PDS, moved to PDS/NWRSTHP2
2025-04-04 06:48:35.821817 - Found NWRSTHP3.txt (text/plain) in CBT.V508.FILE255.PDS, moved to PDS/NWRSTHP3
2025-04-04 06:48:35.821945 - Found NWRSTPN1.txt (text/plain) in CBT.V508.FILE255.PDS, moved to PDS/NWRSTPN1
2025-04-04 06:48:35.822055 - Found NWRSTPN2.txt (text/plain) in CBT.V508.FILE255.PDS, moved to PDS/NWRSTPN2
2025-04-04 06:48:35.822170 - Found NWRSTPN3.txt (text/plain) in CBT.V508.FILE255.PDS, moved to PDS/NWRSTPN3
2025-04-04 06:48:35.822293 - Found NWRSTPN4.txt (text/plain) in CBT.V508.FILE255.PDS, moved to PDS/NWRSTPN4
2025-04-04 06:48:35.822404 - Found NWRSTPN5.txt (text/plain) in CBT.V508.FILE255.PDS, moved to PDS/NWRSTPN5
2025-04-04 06:48:35.822512 - Found NWSRVPNL.txt (text/plain) in CBT.V508.FILE255.PDS, moved to PDS/NWSRVPNL
2025-04-04 06:48:35.822617 - Found NWSRVPNN.txt (text/plain) in CBT.V508.FILE255.PDS, moved to PDS/NWSRVPNN
2025-04-04 06:48:35.822724 - Found NWSRVPNT.txt (text/plain) in CBT.V508.FILE255.PDS, moved to PDS/NWSRVPNT
2025-04-04 06:48:35.822831 - Found NWVOLPNL.txt (text/plain) in CBT.V508.FILE255.PDS, moved to PDS/NWVOLPNL
2025-04-04 06:48:35.822938 - Found OWRSTPN1.txt (text/plain) in CBT.V508.FILE255.PDS, moved to PDS/OWRSTPN1
2025-04-04 06:48:35.823048 - Found OWSRVPNL.txt (text/plain) in CBT.V508.FILE255.PDS, moved to PDS/OWSRVPNL
2025-04-04 06:48:35.823172 - Found PBKSTAT.txt (text/plain) in CBT.V508.FILE255.PDS, moved to PDS/PBKSTAT
2025-04-04 06:48:35.823282 - Found PNLANGCD.txt (text/plain) in CBT.V508.FILE255.PDS, moved to PDS/PNLANGCD
2025-04-04 06:48:35.823393 - Found PNLOGOUT.txt (text/plain) in CBT.V508.FILE255.PDS, moved to PDS/PNLOGOUT
2025-04-04 06:48:35.823515 - Found PNMODULE.txt (text/plain) in CBT.V508.FILE255.PDS, moved to PDS/PNMODULE
2025-04-04 06:48:35.823625 - Found PTLMS.txt (text/plain) in CBT.V508.FILE255.PDS, moved to PDS/PTLMS
2025-04-04 06:48:35.823737 - Found PXREF.txt (text/plain) in CBT.V508.FILE255.PDS, moved to PDS/PXREF
2025-04-04 06:48:35.823846 - Found QAXREF.txt (text/plain) in CBT.V508.FILE255.PDS, moved to PDS/QAXREF
2025-04-04 06:48:35.823956 - Found VM60PRIM.txt (text/plain) in CBT.V508.FILE255.PDS, moved to PDS/VM60PRIM
2025-04-04 06:48:35.824062 - Found XREFPANL.txt (text/plain) in CBT.V508.FILE255.PDS, moved to PDS/XREFPANL
2025-04-04 06:48:35.824185 - Found XREFPNL1.txt (text/plain) in CBT.V508.FILE255.PDS, moved to PDS/XREFPNL1
